2022-07-05 20:04:02.525  INFO 1579 --- [restartedMain] c.c.cineflix_api.CineflixApiApplication  : Starting CineflixApiApplication using Java 17.0.2 on users-MacBook-Pro.local with PID 1579 (/Users/binhcc/eclipse-workspace/cineflix_api/target/classes started by binhcc in /Users/binhcc/eclipse-workspace/cineflix_api)
2022-07-05 20:04:02.525  INFO 1579 --- [restartedMain] c.c.cineflix_api.CineflixApiApplication  : No active profile set, falling back to 1 default profile: "default"
2022-07-05 20:04:02.638  INFO 1579 --- [restartedMain] .s.d.r.c.RepositoryConfigurationDelegate : Bootstrapping Spring Data JPA repositories in DEFAULT mode.
2022-07-05 20:04:02.650  INFO 1579 --- [restartedMain] .s.d.r.c.RepositoryConfigurationDelegate : Finished Spring Data repository scanning in 11 ms. Found 5 JPA repository interfaces.
2022-07-05 20:04:02.724  INFO 1579 --- [restartedMain] o.s.b.w.embedded.tomcat.TomcatWebServer  : Tomcat initialized with port(s): 8080 (http)
2022-07-05 20:04:02.724  INFO 1579 --- [restartedMain] o.apache.catalina.core.StandardService   : Starting service [Tomcat]
2022-07-05 20:04:02.724  INFO 1579 --- [restartedMain] org.apache.catalina.core.StandardEngine  : Starting Servlet engine: [Apache Tomcat/9.0.63]
2022-07-05 20:04:02.730  INFO 1579 --- [restartedMain] o.a.c.c.C.[Tomcat].[localhost].[/]       : Initializing Spring embedded WebApplicationContext
2022-07-05 20:04:02.731  INFO 1579 --- [restartedMain] w.s.c.ServletWebServerApplicationContext : Root WebApplicationContext: initialization completed in 205 ms
2022-07-05 20:04:02.752  WARN 1579 --- [restartedMain] JpaBaseConfiguration$JpaWebConfiguration : spring.jpa.open-in-view is enabled by default. Therefore, database queries may be performed during view rendering. Explicitly configure spring.jpa.open-in-view to disable this warning
2022-07-05 20:04:02.776  INFO 1579 --- [restartedMain] o.hibernate.jpa.internal.util.LogHelper  : HHH000204: Processing PersistenceUnitInfo [name: default]
2022-07-05 20:04:02.779  INFO 1579 --- [restartedMain] com.zaxxer.hikari.HikariDataSource       : HikariPool-19 - Starting...
2022-07-05 20:04:02.796  INFO 1579 --- [restartedMain] com.zaxxer.hikari.HikariDataSource       : HikariPool-19 - Start completed.
2022-07-05 20:04:02.796  INFO 1579 --- [restartedMain] org.hibernate.dialect.Dialect            : HHH000400: Using dialect: org.hibernate.dialect.MySQL8Dialect
2022-07-05 20:04:02.808  WARN 1579 --- [restartedMain] org.hibernate.mapping.RootClass          : HHH000038: Composite-id class does not override equals(): com.cybersoft.cineflix_api.entity.RoleUserId
2022-07-05 20:04:02.809  WARN 1579 --- [restartedMain] org.hibernate.mapping.RootClass          : HHH000039: Composite-id class does not override hashCode(): com.cybersoft.cineflix_api.entity.RoleUserId
2022-07-05 20:04:02.884  INFO 1579 --- [restartedMain] o.h.e.t.j.p.i.JtaPlatformInitiator       : HHH000490: Using JtaPlatform implementation: [org.hibernate.engine.transaction.jta.platform.internal.NoJtaPlatform]
2022-07-05 20:04:02.884  INFO 1579 --- [restartedMain] j.LocalContainerEntityManagerFactoryBean : Initialized JPA EntityManagerFactory for persistence unit 'default'
2022-07-05 20:04:03.076  INFO 1579 --- [restartedMain] o.s.s.web.DefaultSecurityFilterChain     : Will secure any request with [org.springframework.security.web.context.request.async.WebAsyncManagerIntegrationFilter@7fd7a2e4, org.springframework.security.web.context.SecurityContextPersistenceFilter@2440ac15, org.springframework.security.web.header.HeaderWriterFilter@12577f8c, org.springframework.security.web.authentication.logout.LogoutFilter@6d7071, com.cybersoft.cineflix_api.helper.JwtAuthFilter@3c92ebae, org.springframework.security.web.savedrequest.RequestCacheAwareFilter@d9cc445, org.springframework.security.web.servletapi.SecurityContextHolderAwareRequestFilter@249e6165, org.springframework.security.web.authentication.AnonymousAuthenticationFilter@1452bb97, org.springframework.security.web.session.SessionManagementFilter@25241a79, org.springframework.security.web.access.ExceptionTranslationFilter@51ff0151, org.springframework.security.web.access.intercept.AuthorizationFilter@3cfaf38e]
2022-07-05 20:04:03.195  INFO 1579 --- [restartedMain] o.s.b.d.a.OptionalLiveReloadServer       : LiveReload server is running on port 35729
2022-07-05 20:04:03.205  INFO 1579 --- [restartedMain] o.s.b.w.embedded.tomcat.TomcatWebServer  : Tomcat started on port(s): 8080 (http) with context path ''
2022-07-05 20:04:03.209  INFO 1579 --- [restartedMain] c.c.cineflix_api.CineflixApiApplication  : Started CineflixApiApplication in 0.879 seconds (JVM running for 1315.131)
2022-07-05 20:04:03.210  INFO 1579 --- [restartedMain] .ConditionEvaluationDeltaLoggingListener : Condition evaluation unchanged
2022-07-05 20:04:53.764  INFO 1579 --- [http-nio-8080-exec-2] o.a.c.c.C.[Tomcat].[localhost].[/]       : Initializing Spring DispatcherServlet 'dispatcherServlet'
2022-07-05 20:04:53.764  INFO 1579 --- [http-nio-8080-exec-2] o.s.web.servlet.DispatcherServlet        : Initializing Servlet 'dispatcherServlet'
2022-07-05 20:04:53.765  INFO 1579 --- [http-nio-8080-exec-2] o.s.web.servlet.DispatcherServlet        : Completed initialization in 1 ms
2022-07-05 20:04:53.789  INFO 1579 --- [http-nio-8080-exec-2] c.c.c.controller.PhimController          : Info level log
2022-07-05 20:04:53.789  WARN 1579 --- [http-nio-8080-exec-2] c.c.c.controller.PhimController          : Warn level log
2022-07-05 20:04:53.789 ERROR 1579 --- [http-nio-8080-exec-2] c.c.c.controller.PhimController          : Error level log
2022-07-05 20:06:45.988  INFO 1579 --- [Thread-78] j.LocalContainerEntityManagerFactoryBean : Closing JPA EntityManagerFactory for persistence unit 'default'
2022-07-05 20:06:45.988  INFO 1579 --- [Thread-78] com.zaxxer.hikari.HikariDataSource       : HikariPool-19 - Shutdown initiated...
2022-07-05 20:06:46.000  INFO 1579 --- [Thread-78] com.zaxxer.hikari.HikariDataSource       : HikariPool-19 - Shutdown completed.
